<?xml version="1.0" encoding="utf-8"?><testsuites name="pytest tests"><testsuite name="pytest" errors="0" failures="2" skipped="0" tests="17" time="2.941" timestamp="2026-07-10T10:24:02.458393+00:00" hostname="agent-env-de690104-16bc-43fe-93e6-0d16bf50d873"><testcase classname="tests.backend_test" name="test_root" time="0.402" /><testcase classname="tests.backend_test" name="test_config" time="0.156" /><testcase classname="tests.backend_test" name="test_seed_idempotent" time="0.572" /><testcase classname="tests.backend_test" name="test_invoices_list_no_objectid" time="0.139" /><testcase classname="tests.backend_test" name="test_invoice_detail_has_conversation" time="0.127" /><testcase classname="tests.backend_test" name="test_dashboard_summary" time="0.104" /><testcase classname="tests.backend_test" name="test_dashboard_activity" time="0.098" /><testcase classname="tests.backend_test" name="test_dashboard_escalations" time="0.097" /><testcase classname="tests.backend_test" name="test_inv2352_aging_and_interest" time="0.000" /><testcase classname="tests.backend_test" name="test_statutory_gate_medium_ineligible" time="0.000" /><testcase classname="tests.backend_test" name="test_preview_rung3_eligible_cites_law" time="0.096" /><testcase classname="tests.backend_test" name="test_preview_rung3_ineligible_no_citation" time="0.102" /><testcase classname="tests.backend_test" name="test_agent_tick" time="0.145" /><testcase classname="tests.backend_test" name="test_simulate_promise_to_pay" time="0.196" /><testcase classname="tests.backend_test" name="test_simulate_dispute_escalates" time="0.098"><failure message="AssertionError: assert 'unclear' == 'dispute'&#10;  &#10;  - dispute&#10;  + unclear">tests/backend_test.py:212: in test_simulate_dispute_escalates
    assert d["intent"] == "dispute"
E   AssertionError: assert 'unclear' == 'dispute'
E     
E     - dispute
E     + unclear</failure></testcase><testcase classname="tests.backend_test" name="test_simulate_long_promise_counter_offer" time="0.098"><failure message="AssertionError: assert 'unclear' == 'promise_to_pay'&#10;  &#10;  - promise_to_pay&#10;  + unclear">tests/backend_test.py:225: in test_simulate_long_promise_counter_offer
    assert d["intent"] == "promise_to_pay"
E   AssertionError: assert 'unclear' == 'promise_to_pay'
E     
E     - promise_to_pay
E     + unclear</failure></testcase><testcase classname="tests.backend_test" name="test_mark_paid_updates_recovered" time="0.400" /></testsuite></testsuites>